<?xml version="1.0" encoding="UTF-8"?>
<!-- Generated by org.testng.reporters.JUnitReportReporter -->
<testsuite hostname="LAPTOP-LP45UPQF" failures="0" tests="1" name="com.demo.JUnitDemo" time="0.015" errors="0" timestamp="2024-11-28T08:56:01 IST" skipped="0">
  <testcase classname="com.demo.JUnitDemo" name="test" time="0.015"/>
</testsuite> <!-- com.demo.JUnitDemo -->
