<?xml version="1.0" encoding="UTF-8"?>
<!-- Generated by org.testng.reporters.JUnitReportReporter -->
<testsuite hostname="LAPTOP-LP45UPQF" failures="0" tests="1" name="com.demo.ActionsDemo" time="12.136" errors="0" timestamp="2024-11-13T10:14:09 IST" skipped="0">
  <testcase classname="com.demo.ActionsDemo" name="main" time="12.136"/>
</testsuite> <!-- com.demo.ActionsDemo -->
