<?xml version="1.0" encoding="UTF-8"?>
<!-- Generated by org.testng.reporters.JUnitReportReporter -->
<testsuite hostname="LAPTOP-LP45UPQF" failures="0" tests="1" name="com.demo.AltertDemo" time="16.022" errors="0" timestamp="2024-11-11T12:21:40 IST" skipped="0">
  <testcase classname="com.demo.AltertDemo" name="Alt" time="16.022"/>
</testsuite> <!-- com.demo.AltertDemo -->
