<?xml version="1.0" encoding="UTF-8"?>
<!-- Generated by org.testng.reporters.JUnitReportReporter -->
<testsuite hostname="LAPTOP-LP45UPQF" failures="0" tests="1" name="com.demo.SeleniumBasic" time="16.794" errors="0" timestamp="2024-11-11T11:20:01 IST" skipped="0">
  <testcase classname="com.demo.SeleniumBasic" name="demo" time="16.794"/>
</testsuite> <!-- com.demo.SeleniumBasic -->
